TN:
SF:src/app.ts
FNF:0
FNH:0
DA:7,2
DA:8,2
DA:9,2
DA:11,2
DA:12,2
LF:5
LH:5
BRF:0
BRH:0
end_of_record
TN:
SF:src/database.ts
FNF:0
FNH:0
DA:3,3
DA:4,3
LF:2
LH:2
BRF:0
BRH:0
end_of_record
TN:
SF:src/controllers/recommendationController.ts
FN:6,insert
FN:17,upvote
FN:25,downvote
FN:33,random
FN:39,get
FN:44,getTop
FN:51,getById
FNF:7
FNH:7
FNDA:4,insert
FNDA:2,upvote
FNDA:8,downvote
FNDA:2,random
FNDA:2,get
FNDA:1,getTop
FNDA:2,getById
DA:7,4
DA:8,4
DA:9,2
DA:12,2
DA:14,1
DA:18,2
DA:20,2
DA:22,1
DA:26,8
DA:28,8
DA:30,7
DA:34,2
DA:36,1
DA:40,2
DA:41,2
DA:45,1
DA:47,1
DA:48,1
DA:52,2
DA:54,2
DA:55,1
DA:58,2
LF:22
LH:22
BRDA:8,0,0,2
BRF:1
BRH:1
end_of_record
TN:
SF:src/middlewares/errorHandlerMiddleware.ts
FN:8,errorHandlerMiddleware
FNF:1
FNH:1
FNDA:7,errorHandlerMiddleware
DA:14,7
DA:16,7
DA:17,7
DA:20,0
LF:4
LH:3
BRDA:16,0,0,7
BRF:1
BRH:1
end_of_record
TN:
SF:src/repositories/recommendationRepository.ts
FN:5,create
FN:16,findAll
FN:26,getAmountByScore
FN:33,getFindAllFilter
FN:45,find
FN:51,findByName
FN:57,updateScore
FN:66,remove
FNF:8
FNH:8
FNDA:1,create
FNDA:6,findAll
FNDA:1,getAmountByScore
FNDA:6,getFindAllFilter
FNDA:12,find
FNDA:2,findByName
FNDA:8,updateScore
FNDA:1,remove
DA:6,1
DA:17,6
DA:19,6
DA:27,1
DA:36,6
DA:38,2
DA:40,2
DA:46,12
DA:52,2
DA:58,8
DA:67,1
DA:72,3
LF:12
LH:12
BRDA:36,0,0,4
BRF:1
BRH:1
end_of_record
TN:
SF:src/routers/recommendationRouter.ts
FNF:0
FNH:0
DA:4,2
DA:6,2
DA:7,2
DA:8,2
DA:9,2
DA:10,2
DA:11,2
DA:12,2
LF:8
LH:8
BRF:0
BRH:0
end_of_record
TN:
SF:src/schemas/recommendationsSchemas.ts
FNF:0
FNH:0
DA:4,2
DA:6,2
LF:2
LH:2
BRF:0
BRH:0
end_of_record
TN:
SF:src/services/recommendationsService.ts
FN:7,insert
FN:17,upvote
FN:23,downvote
FN:36,getByIdOrFail
FN:43,get
FN:47,getTop
FN:51,getRandom
FN:64,getByScore
FN:77,getScoreFilter
FNF:9
FNH:9
FNDA:4,insert
FNDA:4,upvote
FNDA:11,downvote
FNDA:19,getByIdOrFail
FNDA:3,get
FNDA:2,getTop
FNDA:113,getRandom
FNDA:113,getByScore
FNDA:113,getScoreFilter
DA:8,4
DA:11,4
DA:12,2
DA:14,2
DA:18,4
DA:20,2
DA:24,11
DA:26,9
DA:31,9
DA:32,2
DA:37,19
DA:38,19
DA:40,13
DA:44,3
DA:48,2
DA:52,113
DA:53,113
DA:55,113
DA:56,113
DA:57,2
DA:60,111
DA:61,111
DA:65,113
DA:70,113
DA:71,100
DA:74,13
DA:78,113
DA:79,82
DA:82,31
DA:85,3
LF:30
LH:30
BRDA:11,0,0,2
BRDA:31,1,0,2
BRDA:38,2,0,6
BRDA:56,3,0,2
BRDA:70,4,0,100
BRDA:78,5,0,82
BRF:6
BRH:6
end_of_record
TN:
SF:src/utils/errorUtils.ts
FN:7,isAppError
FN:11,errorTypeToStatusCode
FN:19,conflictError
FN:23,notFoundError
FN:27,unauthorizedError
FN:31,wrongSchemaError
FNF:6
FNH:5
FNDA:7,isAppError
FNDA:7,errorTypeToStatusCode
FNDA:2,conflictError
FNDA:8,notFoundError
FNDA:0,unauthorizedError
FNDA:2,wrongSchemaError
DA:8,7
DA:12,7
DA:13,6
DA:14,2
DA:15,2
DA:16,0
DA:20,2
DA:24,8
DA:28,0
DA:32,2
LF:10
LH:8
BRDA:12,0,0,1
BRDA:13,1,0,4
BRDA:14,2,0,0
BRDA:15,3,0,2
BRDA:20,4,0,2
BRDA:20,4,1,0
BRDA:20,5,0,2
BRDA:20,5,1,2
BRDA:24,6,0,0
BRDA:24,6,1,8
BRDA:24,7,0,8
BRDA:24,7,1,8
BRDA:28,8,0,0
BRDA:28,8,1,0
BRDA:28,9,0,0
BRDA:28,9,1,0
BRDA:32,10,0,0
BRDA:32,10,1,2
BRDA:32,11,0,2
BRDA:32,11,1,2
BRF:20
BRH:12
end_of_record
TN:
SF:tests/factories/recommendationsFactory.ts
FN:4,insertSampleData
FN:15,insertOne
FNF:2
FNH:2
FNDA:4,insertSampleData
FNDA:4,insertOne
DA:5,4
DA:6,55
DA:16,4
DA:24,4
DA:29,4
LF:5
LH:5
BRDA:4,0,0,2
BRDA:15,1,0,4
BRF:2
BRH:2
end_of_record
